<?xml version="1.0" encoding="UTF-8"?>
<!-- Generated by org.testng.reporters.JUnitReportReporter -->
<testsuite hostname="LAPTOP-QN17ATHQ" name="com.mns.atl.TravelSite.RegistrationTest" tests="1" failures="0" timestamp="26 Jan 2018 15:17:00 GMT" time="14.493" errors="0">
  <testcase name="testRegistration" time="14.493" classname="com.mns.atl.TravelSite.RegistrationTest"/>
</testsuite> <!-- com.mns.atl.TravelSite.RegistrationTest -->
